0 info it worked if it ends with ok
1 verbose cli [ '/home/vagrant/.nvm/versions/node/v6.9.5/bin/node',
1 verbose cli   '/home/vagrant/.nvm/versions/node/v6.9.5/bin/npm',
1 verbose cli   'publish' ]
2 info using npm@3.10.10
3 info using node@v6.9.5
4 verbose publish [ '.' ]
5 silly cache add args [ '.', null ]
6 verbose cache add spec .
7 silly cache add parsed spec Result {
7 silly cache add   raw: '.',
7 silly cache add   scope: null,
7 silly cache add   escapedName: null,
7 silly cache add   name: null,
7 silly cache add   rawSpec: '.',
7 silly cache add   spec: '/vagrant/open-source/new-npm',
7 silly cache add   type: 'directory' }
8 verbose addLocalDirectory /home/vagrant/.npm/silly-text-wrapper-splitter/0.1.0/package.tgz not in flight; packing
9 verbose correctMkdir /home/vagrant/.npm correctMkdir not in flight; initializing
10 info lifecycle silly-text-wrapper-splitter@0.1.0~prepublish: silly-text-wrapper-splitter@0.1.0
11 silly lifecycle silly-text-wrapper-splitter@0.1.0~prepublish: no script for prepublish, continuing
12 verbose tar pack [ '/home/vagrant/.npm/silly-text-wrapper-splitter/0.1.0/package.tgz',
12 verbose tar pack   '/vagrant/open-source/new-npm' ]
13 verbose tarball /home/vagrant/.npm/silly-text-wrapper-splitter/0.1.0/package.tgz
14 verbose folder /vagrant/open-source/new-npm
15 verbose addLocalTarball adding from inside cache /home/vagrant/.npm/silly-text-wrapper-splitter/0.1.0/package.tgz
16 verbose correctMkdir /home/vagrant/.npm correctMkdir not in flight; initializing
17 silly cache afterAdd silly-text-wrapper-splitter@0.1.0
18 verbose afterAdd /home/vagrant/.npm/silly-text-wrapper-splitter/0.1.0/package/package.json not in flight; writing
19 verbose correctMkdir /home/vagrant/.npm correctMkdir not in flight; initializing
20 verbose afterAdd /home/vagrant/.npm/silly-text-wrapper-splitter/0.1.0/package/package.json written
21 silly publish { name: 'silly-text-wrapper-splitter',
21 silly publish   version: '0.1.0',
21 silly publish   description: 'Wrap or split your text with more text',
21 silly publish   main: 'index.js',
21 silly publish   scripts: { test: 'echo "Error: no test specified" && exit 1' },
21 silly publish   repository:
21 silly publish    { type: 'git',
21 silly publish      url: 'git+ssh://git@github.com/acdarroll/test-npm.git' },
21 silly publish   keywords: [ 'npm', 'module' ],
21 silly publish   author: { name: 'Andrew' },
21 silly publish   license: 'ISC',
21 silly publish   bugs: { url: 'https://github.com/acdarroll/test-npm/issues' },
21 silly publish   homepage: 'https://github.com/acdarroll/test-npm#readme',
21 silly publish   dependencies: { 'react-silly-text-maker': '^0.2.0' },
21 silly publish   readme: '# Silly Text Wrapper Splitter\n\n## Two functions\n\n1. wrap(string, text) text are the letters you want to wrap\n2. split(string, text) where text will be inserted between each letter\n',
21 silly publish   readmeFilename: 'README.md',
21 silly publish   gitHead: 'af2b9241c969c4f0ec9a3484c43579fcf3a75879',
21 silly publish   _id: 'silly-text-wrapper-splitter@0.1.0',
21 silly publish   _shasum: 'cdb56553b419d87872822cc4f79f16acfac8ee0d',
21 silly publish   _from: '.' }
22 verbose getPublishConfig undefined
23 silly mapToRegistry name silly-text-wrapper-splitter
24 silly mapToRegistry using default registry
25 silly mapToRegistry registry https://registry.npmjs.org/
26 silly mapToRegistry data Result {
26 silly mapToRegistry   raw: 'silly-text-wrapper-splitter',
26 silly mapToRegistry   scope: null,
26 silly mapToRegistry   escapedName: 'silly-text-wrapper-splitter',
26 silly mapToRegistry   name: 'silly-text-wrapper-splitter',
26 silly mapToRegistry   rawSpec: '',
26 silly mapToRegistry   spec: 'latest',
26 silly mapToRegistry   type: 'tag' }
27 silly mapToRegistry uri https://registry.npmjs.org/silly-text-wrapper-splitter
28 verbose publish registryBase https://registry.npmjs.org/
29 silly publish uploading /home/vagrant/.npm/silly-text-wrapper-splitter/0.1.0/package.tgz
30 verbose request uri https://registry.npmjs.org/silly-text-wrapper-splitter
31 verbose request sending authorization for write operation
32 info attempt registry request try #1 at 3:18:11 PM
33 verbose request using bearer token for auth
34 verbose request id 80f4ab97068909c6
35 http request PUT https://registry.npmjs.org/silly-text-wrapper-splitter
36 http 403 https://registry.npmjs.org/silly-text-wrapper-splitter
37 verbose headers { 'content-type': 'application/json',
37 verbose headers   'cache-control': 'max-age=300',
37 verbose headers   'content-length': '91',
37 verbose headers   'accept-ranges': 'bytes',
37 verbose headers   date: 'Thu, 01 Feb 2018 15:18:13 GMT',
37 verbose headers   via: '1.1 varnish',
37 verbose headers   connection: 'keep-alive',
37 verbose headers   'x-served-by': 'cache-jfk8130-JFK',
37 verbose headers   'x-cache': 'MISS',
37 verbose headers   'x-cache-hits': '0',
37 verbose headers   'x-timer': 'S1517498292.113174,VS0,VE940',
37 verbose headers   vary: 'Accept-Encoding, Accept' }
38 verbose request invalidating /home/vagrant/.npm/registry.npmjs.org/silly-text-wrapper-splitter on PUT
39 error publish Failed PUT 403
40 verbose stack Error: You cannot publish over the previously published version 0.1.0. : silly-text-wrapper-splitter
40 verbose stack     at makeError (/home/vagrant/.nvm/versions/node/v6.9.5/lib/node_modules/npm/node_modules/npm-registry-client/lib/request.js:302:12)
40 verbose stack     at CachingRegistryClient.<anonymous> (/home/vagrant/.nvm/versions/node/v6.9.5/lib/node_modules/npm/node_modules/npm-registry-client/lib/request.js:290:14)
40 verbose stack     at Request._callback (/home/vagrant/.nvm/versions/node/v6.9.5/lib/node_modules/npm/node_modules/npm-registry-client/lib/request.js:210:14)
40 verbose stack     at Request.self.callback (/home/vagrant/.nvm/versions/node/v6.9.5/lib/node_modules/npm/node_modules/request/request.js:187:22)
40 verbose stack     at emitTwo (events.js:106:13)
40 verbose stack     at Request.emit (events.js:191:7)
40 verbose stack     at Request.<anonymous> (/home/vagrant/.nvm/versions/node/v6.9.5/lib/node_modules/npm/node_modules/request/request.js:1048:10)
40 verbose stack     at emitOne (events.js:96:13)
40 verbose stack     at Request.emit (events.js:188:7)
40 verbose stack     at IncomingMessage.<anonymous> (/home/vagrant/.nvm/versions/node/v6.9.5/lib/node_modules/npm/node_modules/request/request.js:969:12)
41 verbose statusCode 403
42 verbose pkgid silly-text-wrapper-splitter
43 verbose cwd /vagrant/open-source/new-npm
44 error Linux 4.4.0-21-generic
45 error argv "/home/vagrant/.nvm/versions/node/v6.9.5/bin/node" "/home/vagrant/.nvm/versions/node/v6.9.5/bin/npm" "publish"
46 error node v6.9.5
47 error npm  v3.10.10
48 error code E403
49 error You cannot publish over the previously published version 0.1.0. : silly-text-wrapper-splitter
50 error If you need help, you may report this error at:
50 error     <https://github.com/npm/npm/issues>
51 verbose exit [ 1, true ]
